<?xml version="1.0" encoding="UTF-8"?>
<testng-results ignored="0" total="1" passed="1" failed="0" skipped="0">
  <reporter-output>
  </reporter-output>
  <suite started-at="2021-02-18T12:19:29 EST" name="Default suite" finished-at="2021-02-18T12:19:40 EST" duration-ms="11143">
    <groups>
    </groups>
    <test started-at="2021-02-18T12:19:29 EST" name="Default test" finished-at="2021-02-18T12:19:40 EST" duration-ms="11143">
      <class name="tests.Orange_Login_Test">
        <test-method is-config="true" signature="setup()[pri:0, instance:tests.Orange_Login_Test@72cde7cc]" started-at="2021-02-18T12:19:29 EST" name="setup" finished-at="2021-02-18T12:19:37 EST" duration-ms="8434" status="PASS">
          <reporter-output>
          </reporter-output>
        </test-method> <!-- setup -->
        <test-method signature="loginTest()[pri:0, instance:tests.Orange_Login_Test@72cde7cc]" started-at="2021-02-18T12:19:37 EST" name="loginTest" finished-at="2021-02-18T12:19:39 EST" duration-ms="1580" status="PASS">
          <reporter-output>
          </reporter-output>
        </test-method> <!-- loginTest -->
        <test-method is-config="true" signature="tearDown()[pri:0, instance:tests.Orange_Login_Test@72cde7cc]" started-at="2021-02-18T12:19:39 EST" name="tearDown" finished-at="2021-02-18T12:19:40 EST" duration-ms="1091" status="PASS">
          <reporter-output>
          </reporter-output>
        </test-method> <!-- tearDown -->
      </class> <!-- tests.Orange_Login_Test -->
    </test> <!-- Default test -->
  </suite> <!-- Default suite -->
</testng-results>
